2020-10-02T16:45:05.035884173Z Collecting en_core_web_sm==2.2.5
2020-10-02T16:45:05.803269275Z   Downloading https://github.com/explosion/spacy-models/releases/download/en_core_web_sm-2.2.5/en_core_web_sm-2.2.5.tar.gz (12.0 MB)
2020-10-02T16:45:07.546655800Z Requirement already satisfied: spacy>=2.2.2 in /usr/local/lib/python3.7/site-packages (from en_core_web_sm==2.2.5) (2.2.4)
2020-10-02T16:45:07.580963820Z Requirement already satisfied: setuptools in /usr/local/lib/python3.7/site-packages (from spacy>=2.2.2->en_core_web_sm==2.2.5) (50.3.0)
2020-10-02T16:45:07.605930577Z Requirement already satisfied: requests<3.0.0,>=2.13.0 in /usr/local/lib/python3.7/site-packages (from spacy>=2.2.2->en_core_web_sm==2.2.5) (2.23.0)
2020-10-02T16:45:07.618951016Z Requirement already satisfied: blis<0.5.0,>=0.4.0 in /usr/local/lib/python3.7/site-packages (from spacy>=2.2.2->en_core_web_sm==2.2.5) (0.4.1)
2020-10-02T16:45:07.621334886Z Requirement already satisfied: preshed<3.1.0,>=3.0.2 in /usr/local/lib/python3.7/site-packages (from spacy>=2.2.2->en_core_web_sm==2.2.5) (3.0.2)
2020-10-02T16:45:07.624648921Z Requirement already satisfied: murmurhash<1.1.0,>=0.28.0 in /usr/local/lib/python3.7/site-packages (from spacy>=2.2.2->en_core_web_sm==2.2.5) (1.0.2)
2020-10-02T16:45:07.625704689Z Requirement already satisfied: srsly<1.1.0,>=1.0.2 in /usr/local/lib/python3.7/site-packages (from spacy>=2.2.2->en_core_web_sm==2.2.5) (1.0.2)
2020-10-02T16:45:07.628512995Z Requirement already satisfied: plac<1.2.0,>=0.9.6 in /usr/local/lib/python3.7/site-packages (from spacy>=2.2.2->en_core_web_sm==2.2.5) (1.1.3)
2020-10-02T16:45:07.629593519Z Requirement already satisfied: tqdm<5.0.0,>=4.38.0 in /usr/local/lib/python3.7/site-packages (from spacy>=2.2.2->en_core_web_sm==2.2.5) (4.43.0)
2020-10-02T16:45:07.638708374Z Requirement already satisfied: numpy>=1.15.0 in /usr/local/lib/python3.7/site-packages (from spacy>=2.2.2->en_core_web_sm==2.2.5) (1.18.2)
2020-10-02T16:45:07.640110829Z Requirement already satisfied: catalogue<1.1.0,>=0.0.7 in /usr/local/lib/python3.7/site-packages (from spacy>=2.2.2->en_core_web_sm==2.2.5) (1.0.0)
2020-10-02T16:45:07.658271755Z Requirement already satisfied: thinc==7.4.0 in /usr/local/lib/python3.7/site-packages (from spacy>=2.2.2->en_core_web_sm==2.2.5) (7.4.0)
2020-10-02T16:45:07.684845457Z Requirement already satisfied: cymem<2.1.0,>=2.0.2 in /usr/local/lib/python3.7/site-packages (from spacy>=2.2.2->en_core_web_sm==2.2.5) (2.0.3)
2020-10-02T16:45:07.686414881Z Requirement already satisfied: wasabi<1.1.0,>=0.4.0 in /usr/local/lib/python3.7/site-packages (from spacy>=2.2.2->en_core_web_sm==2.2.5) (0.8.0)
2020-10-02T16:45:07.688656480Z Requirement already satisfied: chardet<4,>=3.0.2 in /usr/local/lib/python3.7/site-packages (from requests<3.0.0,>=2.13.0->spacy>=2.2.2->en_core_web_sm==2.2.5) (3.0.4)
2020-10-02T16:45:07.689777578Z Requirement already satisfied: certifi>=2017.4.17 in /usr/local/lib/python3.7/site-packages (from requests<3.0.0,>=2.13.0->spacy>=2.2.2->en_core_web_sm==2.2.5) (2020.6.20)
2020-10-02T16:45:07.690873762Z Requirement already satisfied: idna<3,>=2.5 in /usr/local/lib/python3.7/site-packages (from requests<3.0.0,>=2.13.0->spacy>=2.2.2->en_core_web_sm==2.2.5) (2.10)
2020-10-02T16:45:07.692878212Z Requirement already satisfied: urllib3!=1.25.0,!=1.25.1,<1.26,>=1.21.1 in /usr/local/lib/python3.7/site-packages (from requests<3.0.0,>=2.13.0->spacy>=2.2.2->en_core_web_sm==2.2.5) (1.25.10)
2020-10-02T16:45:07.706447473Z Requirement already satisfied: importlib-metadata>=0.20; python_version < "3.8" in /usr/local/lib/python3.7/site-packages (from catalogue<1.1.0,>=0.0.7->spacy>=2.2.2->en_core_web_sm==2.2.5) (2.0.0)
2020-10-02T16:45:07.718775384Z Requirement already satisfied: zipp>=0.5 in /usr/local/lib/python3.7/site-packages (from importlib-metadata>=0.20; python_version < "3.8"->catalogue<1.1.0,>=0.0.7->spacy>=2.2.2->en_core_web_sm==2.2.5) (3.2.0)
2020-10-02T16:45:07.734506903Z Building wheels for collected packages: en-core-web-sm
2020-10-02T16:45:07.735066365Z   Building wheel for en-core-web-sm (setup.py): started
2020-10-02T16:45:08.748911249Z   Building wheel for en-core-web-sm (setup.py): finished with status 'done'
2020-10-02T16:45:08.801268798Z   Created wheel for en-core-web-sm: filename=en_core_web_sm-2.2.5-py3-none-any.whl size=12011738 sha256=0cc4bc56f44deb1015e4b33ff1ef2be3b2df553a0028248f43955d8590ec7267
2020-10-02T16:45:08.801307161Z   Stored in directory: /tmp/pip-ephem-wheel-cache-p_qb407f/wheels/51/19/da/a3885266a3c241aff0ad2eb674ae058fd34a4870fef1c0a5a0
2020-10-02T16:45:08.801869678Z Successfully built en-core-web-sm
2020-10-02T16:45:08.927992232Z Installing collected packages: en-core-web-sm
2020-10-02T16:45:09.100744876Z Successfully installed en-core-web-sm-2.2.5
2020-10-02T16:45:09.426529205Z [38;5;2m✔ Download and installation successful[0m
2020-10-02T16:45:09.426563899Z You can now load the model via spacy.load('en_core_web_sm')
2020-10-02T16:45:10.220653021Z we don't use crf
2020-10-02T16:45:10.220686217Z  * Serving Flask app "app" (lazy loading)
2020-10-02T16:45:10.220695298Z  * Environment: production
2020-10-02T16:45:10.220702001Z    WARNING: This is a development server. Do not use it in a production deployment.
2020-10-02T16:45:10.220713091Z    Use a production WSGI server instead.
2020-10-02T16:45:10.220720197Z  * Debug mode: off
